<?xml version="1.0" encoding="UTF-8"?>
<!-- Generated by org.testng.reporters.JUnitReportReporter -->
<testsuite skipped="0" hostname="DESKTOP-VDQN2TJ" name="testcases.DeleteCustomerTest" tests="1" failures="0" timestamp="2021-08-01T15:02:21 IST" time="0.734" errors="0">
  <testcase name="DeleteValidCustID" time="0.734" classname="testcases.DeleteCustomerTest"/>
  <system-out/>
</testsuite> <!-- testcases.DeleteCustomerTest -->
