<?xml version="1.0" encoding="UTF-8"?>
<!-- Generated by org.testng.reporters.JUnitReportReporter -->
<testsuite skipped="0" hostname="DESKTOP-VDQN2TJ" name="testcases.CreateCustomerTest" tests="3" failures="0" timestamp="2021-08-01T15:02:21 IST" time="4.846" errors="0">
  <testcase name="CreateValidSecretKey" time="0.841" classname="testcases.CreateCustomerTest"/>
  <system-out/>
  <testcase name="CreateValidSecretKey" time="0.833" classname="testcases.CreateCustomerTest"/>
  <system-out/>
  <testcase name="CreateInvalidSecretKey" time="3.172" classname="testcases.CreateCustomerTest"/>
  <system-out/>
</testsuite> <!-- testcases.CreateCustomerTest -->
