<?xml version="1.0" encoding="UTF-8"?>
<!-- Generated by org.testng.reporters.JUnitReportReporter -->
<testsuite skipped="0" hostname="DESKTOP-VDQN2TJ" name="testcases.CreateCustomer" tests="3" failures="0" timestamp="2021-08-01T13:47:31 IST" time="4.326" errors="0">
  <testcase name="CreateInvalidSecretKey" time="3.121" classname="testcases.CreateCustomer"/>
  <system-out/>
  <testcase name="CreateValidSecretKey" time="0.652" classname="testcases.CreateCustomer"/>
  <system-out/>
  <testcase name="CreateValidSecretKey" time="0.553" classname="testcases.CreateCustomer"/>
  <system-out/>
</testsuite> <!-- testcases.CreateCustomer -->
