<?xml version="1.0" encoding="UTF-8"?>
<!-- Generated by org.testng.reporters.JUnitReportReporter -->
<testsuite hostname="DESKTOP-VDQN2TJ" failures="0" tests="3" name="testcases.CreateCustomerTest" time="3.705" errors="0" timestamp="2021-08-01T16:08:27 IST" skipped="0">
  <testcase classname="testcases.CreateCustomerTest" name="CreateValidSecretKey" time="0.552"/>
  <system-out/>
  <testcase classname="testcases.CreateCustomerTest" name="CreateInvalidSecretKey" time="2.624"/>
  <system-out/>
  <testcase classname="testcases.CreateCustomerTest" name="CreateValidSecretKey" time="0.529"/>
  <system-out/>
</testsuite> <!-- testcases.CreateCustomerTest -->
